{"ts":"2025-12-12T01:35:26.495Z","type":"sign-in","userId":"69294920479717827cffcc0d","email":"admin@demo.com"}
{"ts":"2025-12-12T01:36:45.146Z","type":"sign-out","userId":"69294920479717827cffcc0d"}
{"ts":"2025-12-12T01:37:18.309Z","type":"sign-out","userId":"692c39744eac11cac3e6a662"}
{"ts":"2025-12-12T01:37:51.002Z","type":"sign-out","userId":"692c39744eac11cac3e6a662"}
{"ts":"2025-12-12T01:38:16.391Z","type":"sign-out","userId":"692c39744eac11cac3e6a662"}
{"ts":"2025-12-12T01:39:40.700Z","type":"sign-up","userId":"693b725ce4f302611fc1e92c","email":"lasttest@gmail.com"}
{"ts":"2025-12-12T01:40:25.455Z","type":"sign-in","userId":"693b725ce4f302611fc1e92c","email":"lasttest@gmail.com"}
{"ts":"2025-12-12T01:40:25.659Z","type":"sign-in","userId":"693b725ce4f302611fc1e92c","email":"lasttest@gmail.com"}
{"ts":"2025-12-12T01:43:21.592Z","type":"checkout","userId":"693b725ce4f302611fc1e92c","tenantSlug":"owner1","productIds":["692949b0479717827cffd5de","692949b0479717827cffd5de","692949b0479717827cffd5de","692949b0479717827cffd5de"],"totalCents":20000}
{"ts":"2025-12-12T01:45:00.145Z","type":"sign-out","userId":"693b725ce4f302611fc1e92c"}
{"ts":"2025-12-12T01:45:40.263Z","type":"sign-in","userId":"69294923479717827cffcc37","email":"owner2@demo.com"}
{"ts":"2025-12-12T01:45:40.292Z","type":"sign-in","userId":"69294923479717827cffcc37","email":"owner2@demo.com"}
{"ts":"2025-12-12T01:45:40.292Z","type":"sign-in","userId":"69294923479717827cffcc37","email":"owner2@demo.com"}
{"ts":"2025-12-12T01:45:50.868Z","type":"sign-in","userId":"69294923479717827cffcc37","email":"owner2@demo.com"}
{"ts":"2025-12-12T07:14:51.468Z","type":"sign-in","userId":"69294923479717827cffcc31","email":"owner1@demo.com"}
{"ts":"2025-12-12T07:14:51.665Z","type":"sign-in","userId":"69294923479717827cffcc31","email":"owner1@demo.com"}
{"ts":"2025-12-12T07:14:51.712Z","type":"sign-in","userId":"69294923479717827cffcc31","email":"owner1@demo.com"}
{"ts":"2025-12-12T07:14:51.910Z","type":"sign-in","userId":"69294923479717827cffcc31","email":"owner1@demo.com"}
{"ts":"2025-12-12T07:14:51.911Z","type":"sign-in","userId":"69294923479717827cffcc31","email":"owner1@demo.com"}
{"ts":"2025-12-12T07:14:52.024Z","type":"sign-in","userId":"69294923479717827cffcc31","email":"owner1@demo.com"}
{"ts":"2025-12-12T07:14:52.412Z","type":"sign-in","userId":"69294923479717827cffcc31","email":"owner1@demo.com"}
{"ts":"2025-12-12T07:14:59.835Z","type":"sign-in","userId":"69294923479717827cffcc31","email":"owner1@demo.com"}
{"ts":"2025-12-12T07:15:11.080Z","type":"sign-in","userId":"69294923479717827cffcc31","email":"owner1@demo.com"}
{"ts":"2025-12-12T07:15:12.693Z","type":"sign-in","userId":"69294923479717827cffcc31","email":"owner1@demo.com"}
{"ts":"2025-12-12T07:28:32.113Z","type":"checkout","userId":"69294923479717827cffcc31","tenantSlug":"owner1","productIds":["692949ae479717827cffd5ca"],"totalCents":5000}
{"ts":"2025-12-12T07:36:15.330Z","type":"sign-out","userId":"69294923479717827cffcc31"}
{"ts":"2025-12-12T07:57:55.069Z","type":"sign-in","userId":"69294923479717827cffcc31","email":"owner1@demo.com"}
{"ts":"2025-12-12T07:57:55.081Z","type":"sign-in","userId":"69294923479717827cffcc31","email":"owner1@demo.com"}
{"ts":"2025-12-12T07:57:55.109Z","type":"sign-in","userId":"69294923479717827cffcc31","email":"owner1@demo.com"}
{"ts":"2025-12-12T07:57:59.854Z","type":"sign-in","userId":"69294923479717827cffcc31","email":"owner1@demo.com"}
{"ts":"2025-12-12T07:58:26.800Z","type":"sign-out","userId":"69294923479717827cffcc31"}
{"ts":"2025-12-12T08:35:49.754Z","type":"sign-in","userId":"69294920479717827cffcc0d","email":"admin@demo.com"}
{"ts":"2025-12-12T08:35:50.874Z","type":"sign-in","userId":"69294920479717827cffcc0d","email":"admin@demo.com"}
{"ts":"2025-12-12T08:35:55.730Z","type":"sign-in","userId":"69294920479717827cffcc0d","email":"admin@demo.com"}
{"ts":"2025-12-12T08:36:38.013Z","type":"checkout","userId":"69294920479717827cffcc0d","tenantSlug":"owner1","productIds":["692949ae479717827cffd5ca","692949ae479717827cffd5ca"],"totalCents":10000}
{"ts":"2025-12-12T08:40:11.565Z","type":"sign-out","userId":"69294920479717827cffcc0d"}
{"ts":"2025-12-12T08:41:19.857Z","type":"sign-in","userId":"69294923479717827cffcc31","email":"owner1@demo.com"}
{"ts":"2025-12-12T08:41:19.872Z","type":"sign-in","userId":"69294923479717827cffcc31","email":"owner1@demo.com"}
{"ts":"2025-12-12T08:41:19.929Z","type":"sign-in","userId":"69294923479717827cffcc31","email":"owner1@demo.com"}
{"ts":"2025-12-12T08:41:26.310Z","type":"sign-in","userId":"69294923479717827cffcc31","email":"owner1@demo.com"}
{"ts":"2025-12-12T08:41:50.554Z","type":"sign-in","userId":"69294923479717827cffcc31","email":"owner1@demo.com"}
{"ts":"2025-12-12T08:46:09.689Z","type":"sign-out","userId":"69294923479717827cffcc31"}
{"ts":"2025-12-12T08:51:35.068Z","type":"sign-in","userId":"69294920479717827cffcc0d","email":"admin@demo.com"}
{"ts":"2025-12-12T08:51:38.830Z","type":"sign-in","userId":"69294920479717827cffcc0d","email":"admin@demo.com"}
